{"/Users/xabier.lameirocardam/Projects/the-last-dance/src/components/layout/index.tsx": {"path":"/Users/xabier.lameirocardam/Projects/the-last-dance/src/components/layout/index.tsx","statementMap":{"0":{"start":{"line":11,"column":24},"end":{"line":11,"column":31}},"1":{"start":{"line":2,"column":17},"end":{"line":2,"column":null}}},"fnMap":{"0":{"name":"(anonymous_0)","decl":{"start":{"line":11,"column":24},"end":{"line":11,"column":31}},"loc":{"start":{"line":11,"column":24},"end":{"line":11,"column":31}}}},"branchMap":{},"s":{"0":1,"1":1},"f":{"0":2},"b":{}}
}
